<?xml version="1.0" encoding="UTF-8"?>
<testsuite xmlns:xsi="http://www.w3.org/2001/XMLSchema-instance" xsi:noNamespaceSchemaLocation="https://maven.apache.org/surefire/maven-surefire-plugin/xsd/surefire-test-report-3.0.xsd" version="3.0" name="SchedulerServiceTest" time="0.159" tests="13" errors="0" skipped="0" failures="0">
  <properties>
    <property name="java.specification.version" value="21"/>
    <property name="sun.cpu.isalist" value="amd64"/>
    <property name="sun.jnu.encoding" value="Cp1252"/>
    <property name="java.class.path" value="C:\Users\x1 yoga\Documents\q4\2irr00\TaskScheduler1\TaskScheduler\target\test-classes;C:\Users\x1 yoga\Documents\q4\2irr00\TaskScheduler1\TaskScheduler\target\classes;C:\Users\x1 yoga\.m2\repository\org\junit\jupiter\junit-jupiter\5.10.1\junit-jupiter-5.10.1.jar;C:\Users\x1 yoga\.m2\repository\org\junit\jupiter\junit-jupiter-api\5.10.1\junit-jupiter-api-5.10.1.jar;C:\Users\x1 yoga\.m2\repository\org\opentest4j\opentest4j\1.3.0\opentest4j-1.3.0.jar;C:\Users\x1 yoga\.m2\repository\org\junit\platform\junit-platform-commons\1.10.1\junit-platform-commons-1.10.1.jar;C:\Users\x1 yoga\.m2\repository\org\apiguardian\apiguardian-api\1.1.2\apiguardian-api-1.1.2.jar;C:\Users\x1 yoga\.m2\repository\org\junit\jupiter\junit-jupiter-params\5.10.1\junit-jupiter-params-5.10.1.jar;C:\Users\x1 yoga\.m2\repository\org\junit\jupiter\junit-jupiter-engine\5.10.1\junit-jupiter-engine-5.10.1.jar;C:\Users\x1 yoga\.m2\repository\org\junit\platform\junit-platform-engine\1.10.1\junit-platform-engine-1.10.1.jar;"/>
    <property name="java.vm.vendor" value="Eclipse Adoptium"/>
    <property name="sun.arch.data.model" value="64"/>
    <property name="user.variant" value=""/>
    <property name="java.vendor.url" value="https://adoptium.net/"/>
    <property name="user.timezone" value="Europe/Berlin"/>
    <property name="os.name" value="Windows 11"/>
    <property name="java.vm.specification.version" value="21"/>
    <property name="sun.java.launcher" value="SUN_STANDARD"/>
    <property name="user.country" value="US"/>
    <property name="sun.boot.library.path" value="C:\Program Files\Eclipse Adoptium\jdk-21.0.7.6-hotspot\bin"/>
    <property name="sun.java.command" value="C:\Users\x1 yoga\AppData\Local\Temp\surefire432833662841984652\surefirebooter-20250616221151634_3.jar C:\Users\x1 yoga\AppData\Local\Temp\surefire432833662841984652 2025-06-16T22-11-51_079-jvmRun1 surefire-20250616221151634_1tmp surefire_0-20250616221151634_2tmp"/>
    <property name="jdk.debug" value="release"/>
    <property name="surefire.test.class.path" value="C:\Users\x1 yoga\Documents\q4\2irr00\TaskScheduler1\TaskScheduler\target\test-classes;C:\Users\x1 yoga\Documents\q4\2irr00\TaskScheduler1\TaskScheduler\target\classes;C:\Users\x1 yoga\.m2\repository\org\junit\jupiter\junit-jupiter\5.10.1\junit-jupiter-5.10.1.jar;C:\Users\x1 yoga\.m2\repository\org\junit\jupiter\junit-jupiter-api\5.10.1\junit-jupiter-api-5.10.1.jar;C:\Users\x1 yoga\.m2\repository\org\opentest4j\opentest4j\1.3.0\opentest4j-1.3.0.jar;C:\Users\x1 yoga\.m2\repository\org\junit\platform\junit-platform-commons\1.10.1\junit-platform-commons-1.10.1.jar;C:\Users\x1 yoga\.m2\repository\org\apiguardian\apiguardian-api\1.1.2\apiguardian-api-1.1.2.jar;C:\Users\x1 yoga\.m2\repository\org\junit\jupiter\junit-jupiter-params\5.10.1\junit-jupiter-params-5.10.1.jar;C:\Users\x1 yoga\.m2\repository\org\junit\jupiter\junit-jupiter-engine\5.10.1\junit-jupiter-engine-5.10.1.jar;C:\Users\x1 yoga\.m2\repository\org\junit\platform\junit-platform-engine\1.10.1\junit-platform-engine-1.10.1.jar;"/>
    <property name="sun.cpu.endian" value="little"/>
    <property name="user.home" value="C:\Users\x1 yoga"/>
    <property name="user.language" value="en"/>
    <property name="java.specification.vendor" value="Oracle Corporation"/>
    <property name="java.version.date" value="2025-04-15"/>
    <property name="java.home" value="C:\Program Files\Eclipse Adoptium\jdk-21.0.7.6-hotspot"/>
    <property name="file.separator" value="\"/>
    <property name="basedir" value="C:\Users\x1 yoga\Documents\q4\2irr00\TaskScheduler1\TaskScheduler"/>
    <property name="java.vm.compressedOopsMode" value="Zero based"/>
    <property name="line.separator" value="&#10;"/>
    <property name="java.vm.specification.vendor" value="Oracle Corporation"/>
    <property name="java.specification.name" value="Java Platform API Specification"/>
    <property name="surefire.real.class.path" value="C:\Users\x1 yoga\AppData\Local\Temp\surefire432833662841984652\surefirebooter-20250616221151634_3.jar"/>
    <property name="user.script" value=""/>
    <property name="sun.management.compiler" value="HotSpot 64-Bit Tiered Compilers"/>
    <property name="java.runtime.version" value="21.0.7+6-LTS"/>
    <property name="user.name" value="x1 yoga"/>
    <property name="stdout.encoding" value="Cp1252"/>
    <property name="path.separator" value=";"/>
    <property name="os.version" value="10.0"/>
    <property name="java.runtime.name" value="OpenJDK Runtime Environment"/>
    <property name="file.encoding" value="UTF-8"/>
    <property name="java.vm.name" value="OpenJDK 64-Bit Server VM"/>
    <property name="java.vendor.version" value="Temurin-21.0.7+6"/>
    <property name="localRepository" value="C:\Users\x1 yoga\.m2\repository"/>
    <property name="java.vendor.url.bug" value="https://github.com/adoptium/adoptium-support/issues"/>
    <property name="java.io.tmpdir" value="C:\Users\X1YOGA~1\AppData\Local\Temp\"/>
    <property name="java.version" value="21.0.7"/>
    <property name="user.dir" value="C:\Users\x1 yoga\Documents\q4\2irr00\TaskScheduler1\TaskScheduler"/>
    <property name="os.arch" value="amd64"/>
    <property name="java.vm.specification.name" value="Java Virtual Machine Specification"/>
    <property name="sun.os.patch.level" value=""/>
    <property name="native.encoding" value="Cp1252"/>
    <property name="java.library.path" value="C:\Program Files\Eclipse Adoptium\jdk-21.0.7.6-hotspot\bin;C:\WINDOWS\Sun\Java\bin;C:\WINDOWS\system32;C:\WINDOWS;C:\Program Files\Eclipse Adoptium\jdk-21.0.7.6-hotspot\bin;c:\Users\x1 yoga\AppData\Local\Programs\cursor\resources\app\bin;C:\Python312\Scripts\;C:\Python312\;C:\Program Files\AdoptOpenJDK\jre-8.0.292.10-hotspot\bin;C:\Program Files\AdoptOpenJDK\jre-11.0.11.9-hotspot\bin;C:\WINDOWS\system32;C:\WINDOWS;C:\WINDOWS\System32\Wbem;C:\WINDOWS\System32\WindowsPowerShell\v1.0\;C:\WINDOWS\System32\OpenSSH\;C:\Program Files\Intel\WiFi\bin\;C:\Program Files\Common Files\Intel\WirelessCommon\;C:\Python27;C:\Users\x1 yoga\Documents\anaconda;C:\ProgramData\chocolatey\bin;C:\Users\x1 yoga\AppData\Local\Programs\Python\Python311;C:\Users\x1 yoga\AppData\Local\Programs\Python\Python311\Scripts;C:\Program Files\Git\cmd;C:\Users\x1 yoga\AppData\Local\Programs\Python\Python311\python.exe;C:\Users\x1 yoga\AppData\Local\Programs\Python\Python311\Scripts\pip.exe;C:\Program Files\Calibre2\;C:\Program Files\nodejs\;C:\Python311\Scripts\;C:\Python311\;C:\Users\x1 yoga\AppData\Local\Programs\Python\Python311\Scripts\;C:\Users\x1 yoga\AppData\Local\Programs\Python\Python311\;C:\Users\x1 yoga\D;C:\Program Files\Docker\Docker\resources\bin;C:\ProgramData\chocolatey\lib\maven\apache-maven-3.9.9\bin;C:\Users\x1 yoga\AppData\Local\Programs\Python\Python310\Scripts\;C:\Users\x1 yoga\AppData\Local\Programs\Python\Python310\;C:\Python311\Scripts\;C:\Python311\;C:\Users\x1 yoga\AppData\Local\Programs\Python\Python311\Scripts\;C:\Users\x1 yoga\AppData\Local\Programs\Python\Python311\;C:\Users\x1 yoga\Documents\New folder\Library\mingw-w64\bin;C:\Users\x1 yoga\Documents\New folder\Library\usr\bin;C:\Users\x1 yoga\Documents\New folder\Library\bin;C:\Users\x1 yoga\Documents\New folder\Scripts;C:\Users\x1 yoga\AppData\Local\Microsoft\WindowsApps;C:\Program Files\JetBrains\PyCharm Community Edition 2023.1.2\bin;;C:\Python27;C:\ngrok-v3-stable-windows-amd64;C:\mongosh-1.10.2-win32-x64\bin;C:\Users\x1 yoga\AppData\Local\Programs\Python\Python311\Scripts\pip.exe;C:\Users\x1 yoga\AppData\Local\Programs\Python\Python311\Scripts;C:\Users\x1 yoga\AppData\Local\Programs\Python\Python311\Scripts;C:\Users\x1 yoga\AppData\Local\Programs\Microsoft VS Code\bin;C:\Users\x1 yoga\AppData\Roaming\npm;C:\Users\x1 yoga\AppData\Local\Viktor\;C:\ProgramData\TinyTeX\bin\windows;C:\Users\x1 yoga\.lmstudio\bin;C:\Users\x1 yoga\AppData\Local\Programs\cursor\resources\app\bin;C:\Users\x1 yoga\AppData\Local\Programs\Ollama;."/>
    <property name="java.vm.info" value="mixed mode, sharing"/>
    <property name="stderr.encoding" value="Cp1252"/>
    <property name="java.vendor" value="Eclipse Adoptium"/>
    <property name="java.vm.version" value="21.0.7+6-LTS"/>
    <property name="sun.io.unicode.encoding" value="UnicodeLittle"/>
    <property name="java.class.version" value="65.0"/>
  </properties>
  <testcase name="testSJFWithInvalidProcessorCount" classname="SchedulerServiceTest" time="0.064"/>
  <testcase name="testSJFIdealOutput" classname="SchedulerServiceTest" time="0.008"/>
  <testcase name="testRoundRobinWithNullStrategy" classname="SchedulerServiceTest" time="0.001"/>
  <testcase name="testPriorityIdealOutput" classname="SchedulerServiceTest" time="0.005"/>
  <testcase name="testFCFSWithNullTasks" classname="SchedulerServiceTest" time="0.003"/>
  <testcase name="testInvalidTaskProperties" classname="SchedulerServiceTest" time="0.001"/>
  <testcase name="testRoundRobinStrategy" classname="SchedulerServiceTest" time="0.004"/>
  <testcase name="testFirstComeFirstServedStrategy" classname="SchedulerServiceTest" time="0.002"/>
  <testcase name="testPriorityStrategy" classname="SchedulerServiceTest" time="0.001"/>
  <testcase name="testSJFStrategy" classname="SchedulerServiceTest" time="0.005"/>
  <testcase name="testPriorityWithMultipleProcessors" classname="SchedulerServiceTest" time="0.001"/>
  <testcase name="testFirstComeFirstServedIdealOutput" classname="SchedulerServiceTest" time="0.001"/>
  <testcase name="testRoundRobinIdealOutput" classname="SchedulerServiceTest" time="0.002"/>
</testsuite>